<?xml version="1.0" encoding="UTF-8"?>
<coverage generated="1601257972448" clover="3.2.0">
  <project timestamp="1601257972448" name="All files">
    <metrics statements="201" coveredstatements="138" conditionals="151" coveredconditionals="78" methods="65" coveredmethods="51" elements="417" coveredelements="267" complexity="0" loc="201" ncloc="201" packages="3" files="5" classes="5"/>
    <package name="src.carousel-3d">
      <metrics statements="171" coveredstatements="113" conditionals="135" coveredconditionals="69" methods="48" coveredmethods="36"/>
      <file name="Carousel3d.vue" path="/Users/vladimirbujanovic/Projects/vue-carousel-3d/vue-carousel-3d/src/carousel-3d/Carousel3d.vue">
        <metrics statements="132" coveredstatements="81" conditionals="99" coveredconditionals="43" methods="36" coveredmethods="25"/>
        <line num="12" count="3" type="stmt"/>
        <line num="13" count="3" type="stmt"/>
        <line num="15" count="3" type="stmt"/>
        <line num="126" count="26" type="stmt"/>
        <line num="143" count="0" type="stmt"/>
        <line num="148" count="10" type="stmt"/>
        <line num="151" count="3" type="stmt"/>
        <line num="154" count="9" type="cond" truecount="2" falsecount="0"/>
        <line num="157" count="8" type="cond" truecount="2" falsecount="0"/>
        <line num="160" count="26" type="stmt"/>
        <line num="161" count="26" type="stmt"/>
        <line num="163" count="26" type="cond" truecount="2" falsecount="0"/>
        <line num="166" count="26" type="stmt"/>
        <line num="167" count="26" type="stmt"/>
        <line num="168" count="26" type="stmt"/>
        <line num="170" count="26" type="stmt"/>
        <line num="173" count="46" type="cond" truecount="2" falsecount="0"/>
        <line num="174" count="46" type="stmt"/>
        <line num="177" count="46" type="stmt"/>
        <line num="180" count="51" type="stmt"/>
        <line num="182" count="51" type="cond" truecount="1" falsecount="1"/>
        <line num="184" count="51" type="stmt"/>
        <line num="186" count="51" type="stmt"/>
        <line num="187" count="36" type="cond" truecount="1" falsecount="1"/>
        <line num="192" count="51" type="stmt"/>
        <line num="195" count="50" type="stmt"/>
        <line num="197" count="50" type="cond" truecount="1" falsecount="1"/>
        <line num="198" count="50" type="stmt"/>
        <line num="200" count="50" type="stmt"/>
        <line num="201" count="19" type="cond" truecount="1" falsecount="1"/>
        <line num="206" count="50" type="stmt"/>
        <line num="209" count="1" type="stmt"/>
        <line num="211" count="1" type="cond" truecount="1" falsecount="1"/>
        <line num="212" count="1" type="stmt"/>
        <line num="214" count="1" type="cond" truecount="1" falsecount="1"/>
        <line num="215" count="0" type="cond" truecount="0" falsecount="2"/>
        <line num="219" count="1" type="stmt"/>
        <line num="223" count="1" type="stmt"/>
        <line num="225" count="1" type="cond" truecount="1" falsecount="1"/>
        <line num="226" count="1" type="stmt"/>
        <line num="228" count="1" type="cond" truecount="1" falsecount="1"/>
        <line num="229" count="0" type="stmt"/>
        <line num="231" count="1" type="cond" truecount="1" falsecount="1"/>
        <line num="242" count="3" type="cond" truecount="1" falsecount="1"/>
        <line num="243" count="3" type="cond" truecount="1" falsecount="1"/>
        <line num="250" count="2" type="cond" truecount="1" falsecount="1"/>
        <line num="251" count="2" type="cond" truecount="2" falsecount="0"/>
        <line num="259" count="6" type="cond" truecount="2" falsecount="0"/>
        <line num="261" count="6" type="cond" truecount="2" falsecount="0"/>
        <line num="262" count="3" type="cond" truecount="1" falsecount="1"/>
        <line num="263" count="0" type="stmt"/>
        <line num="265" count="3" type="stmt"/>
        <line num="267" count="3" type="stmt"/>
        <line num="270" count="6" type="stmt"/>
        <line num="272" count="6" type="stmt"/>
        <line num="278" count="0" type="cond" truecount="0" falsecount="2"/>
        <line num="280" count="0" type="cond" truecount="0" falsecount="4"/>
        <line num="281" count="0" type="stmt"/>
        <line num="284" count="0" type="cond" truecount="0" falsecount="2"/>
        <line num="285" count="0" type="stmt"/>
        <line num="286" count="0" type="stmt"/>
        <line num="288" count="0" type="stmt"/>
        <line num="289" count="0" type="stmt"/>
        <line num="290" count="0" type="cond" truecount="0" falsecount="2"/>
        <line num="292" count="0" type="cond" truecount="0" falsecount="2"/>
        <line num="294" count="0" type="stmt"/>
        <line num="301" count="0" type="cond" truecount="0" falsecount="2"/>
        <line num="302" count="0" type="stmt"/>
        <line num="304" count="0" type="stmt"/>
        <line num="306" count="0" type="stmt"/>
        <line num="313" count="0" type="stmt"/>
        <line num="314" count="0" type="stmt"/>
        <line num="315" count="0" type="stmt"/>
        <line num="322" count="0" type="cond" truecount="0" falsecount="2"/>
        <line num="323" count="0" type="stmt"/>
        <line num="326" count="0" type="stmt"/>
        <line num="327" count="0" type="cond" truecount="0" falsecount="2"/>
        <line num="328" count="0" type="cond" truecount="0" falsecount="2"/>
        <line num="335" count="0" type="cond" truecount="0" falsecount="2"/>
        <line num="336" count="0" type="stmt"/>
        <line num="339" count="0" type="cond" truecount="0" falsecount="2"/>
        <line num="340" count="0" type="cond" truecount="0" falsecount="2"/>
        <line num="341" count="0" type="stmt"/>
        <line num="342" count="0" type="stmt"/>
        <line num="344" count="0" type="stmt"/>
        <line num="345" count="0" type="stmt"/>
        <line num="348" count="0" type="cond" truecount="0" falsecount="2"/>
        <line num="349" count="0" type="stmt"/>
        <line num="352" count="0" type="cond" truecount="0" falsecount="2"/>
        <line num="353" count="0" type="stmt"/>
        <line num="354" count="0" type="stmt"/>
        <line num="355" count="0" type="cond" truecount="0" falsecount="2"/>
        <line num="356" count="0" type="stmt"/>
        <line num="357" count="0" type="stmt"/>
        <line num="365" count="26" type="cond" truecount="1" falsecount="2"/>
        <line num="369" count="26" type="cond" truecount="1" falsecount="1"/>
        <line num="370" count="26" type="stmt"/>
        <line num="376" count="26" type="stmt"/>
        <line num="377" count="0" type="stmt"/>
        <line num="378" count="0" type="stmt"/>
        <line num="382" count="26" type="cond" truecount="1" falsecount="1"/>
        <line num="383" count="26" type="stmt"/>
        <line num="389" count="1" type="cond" truecount="1" falsecount="1"/>
        <line num="390" count="1" type="stmt"/>
        <line num="398" count="28" type="cond" truecount="2" falsecount="0"/>
        <line num="399" count="25" type="stmt"/>
        <line num="400" count="72" type="stmt"/>
        <line num="404" count="3" type="stmt"/>
        <line num="411" count="26" type="stmt"/>
        <line num="417" count="28" type="stmt"/>
        <line num="418" count="28" type="cond" truecount="4" falsecount="0"/>
        <line num="419" count="27" type="cond" truecount="2" falsecount="0"/>
        <line num="422" count="28" type="stmt"/>
        <line num="425" count="0" type="stmt"/>
        <line num="426" count="0" type="stmt"/>
        <line num="431" count="26" type="cond" truecount="1" falsecount="1"/>
        <line num="432" count="26" type="stmt"/>
        <line num="433" count="26" type="stmt"/>
        <line num="434" count="26" type="stmt"/>
        <line num="436" count="26" type="cond" truecount="1" falsecount="1"/>
        <line num="437" count="0" type="stmt"/>
        <line num="438" count="0" type="stmt"/>
        <line num="439" count="0" type="stmt"/>
        <line num="441" count="26" type="stmt"/>
        <line num="442" count="26" type="stmt"/>
        <line num="443" count="26" type="stmt"/>
        <line num="449" count="1" type="cond" truecount="1" falsecount="1"/>
        <line num="450" count="1" type="stmt"/>
        <line num="452" count="1" type="cond" truecount="1" falsecount="1"/>
        <line num="453" count="0" type="stmt"/>
        <line num="455" count="1" type="stmt"/>
        <line num="458" count="1" type="stmt"/>
      </file>
      <file name="Controls.vue" path="/Users/vladimirbujanovic/Projects/vue-carousel-3d/vue-carousel-3d/src/carousel-3d/Controls.vue">
        <metrics statements="1" coveredstatements="1" conditionals="0" coveredconditionals="0" methods="1" coveredmethods="1"/>
        <line num="52" count="5" type="stmt"/>
      </file>
      <file name="Slide.vue" path="/Users/vladimirbujanovic/Projects/vue-carousel-3d/vue-carousel-3d/src/carousel-3d/Slide.vue">
        <metrics statements="38" coveredstatements="31" conditionals="36" coveredconditionals="26" methods="11" coveredmethods="10"/>
        <line num="16" count="68" type="stmt"/>
        <line num="24" count="92" type="stmt"/>
        <line num="27" count="154" type="cond" truecount="2" falsecount="0"/>
        <line num="29" count="154" type="stmt"/>
        <line num="32" count="152" type="cond" truecount="2" falsecount="0"/>
        <line num="34" count="152" type="stmt"/>
        <line num="37" count="153" type="stmt"/>
        <line num="39" count="153" type="cond" truecount="2" falsecount="0"/>
        <line num="40" count="152" type="stmt"/>
        <line num="41" count="152" type="stmt"/>
        <line num="42" count="152" type="cond" truecount="4" falsecount="0"/>
        <line num="43" count="4" type="cond" truecount="2" falsecount="0"/>
        <line num="44" count="4" type="stmt"/>
        <line num="45" count="4" type="stmt"/>
        <line num="48" count="152" type="cond" truecount="2" falsecount="0"/>
        <line num="49" count="7" type="cond" truecount="1" falsecount="1"/>
        <line num="50" count="0" type="stmt"/>
        <line num="51" count="7" type="cond" truecount="1" falsecount="1"/>
        <line num="52" count="0" type="stmt"/>
        <line num="57" count="153" type="stmt"/>
        <line num="67" count="154" type="stmt"/>
        <line num="76" count="306" type="stmt"/>
        <line num="78" count="306" type="stmt"/>
        <line num="79" count="201" type="cond" truecount="2" falsecount="0"/>
        <line num="80" count="4" type="stmt"/>
        <line num="84" count="306" type="stmt"/>
        <line num="87" count="215" type="cond" truecount="2" falsecount="0"/>
        <line num="90" count="5" type="cond" truecount="1" falsecount="1"/>
        <line num="91" count="5" type="cond" truecount="1" falsecount="1"/>
        <line num="92" count="5" type="cond" truecount="1" falsecount="1"/>
        <line num="95" count="5" type="cond" truecount="2" falsecount="0"/>
        <line num="100" count="5" type="cond" truecount="1" falsecount="1"/>
        <line num="102" count="5" type="stmt"/>
        <line num="109" count="0" type="cond" truecount="0" falsecount="2"/>
        <line num="110" count="0" type="cond" truecount="0" falsecount="2"/>
        <line num="111" count="0" type="stmt"/>
        <line num="114" count="0" type="stmt"/>
        <line num="115" count="0" type="stmt"/>
      </file>
    </package>
    <package name="src.carousel-3d.mixins">
      <metrics statements="15" coveredstatements="12" conditionals="12" coveredconditionals="6" methods="6" coveredmethods="5"/>
      <file name="autoplay.js" path="/Users/vladimirbujanovic/Projects/vue-carousel-3d/vue-carousel-3d/src/carousel-3d/mixins/autoplay.js">
        <metrics statements="15" coveredstatements="12" conditionals="12" coveredconditionals="6" methods="6" coveredmethods="5"/>
        <line num="1" count="3" type="stmt"/>
        <line num="26" count="26" type="stmt"/>
        <line num="31" count="1" type="cond" truecount="1" falsecount="1"/>
        <line num="32" count="1" type="stmt"/>
        <line num="34" count="1" type="stmt"/>
        <line num="35" count="1" type="stmt"/>
        <line num="40" count="1" type="cond" truecount="1" falsecount="1"/>
        <line num="41" count="0" type="stmt"/>
        <line num="45" count="26" type="cond" truecount="1" falsecount="1"/>
        <line num="46" count="0" type="stmt"/>
        <line num="47" count="0" type="cond" truecount="0" falsecount="2"/>
        <line num="53" count="26" type="cond" truecount="3" falsecount="1"/>
        <line num="54" count="26" type="stmt"/>
        <line num="55" count="26" type="stmt"/>
        <line num="57" count="26" type="stmt"/>
      </file>
    </package>
    <package name="tests.unit">
      <metrics statements="15" coveredstatements="13" conditionals="4" coveredconditionals="3" methods="11" coveredmethods="10"/>
      <file name="utils.js" path="/Users/vladimirbujanovic/Projects/vue-carousel-3d/vue-carousel-3d/tests/unit/utils.js">
        <metrics statements="15" coveredstatements="13" conditionals="4" coveredconditionals="3" methods="11" coveredmethods="10"/>
        <line num="3" count="3" type="stmt"/>
        <line num="4" count="3" type="stmt"/>
        <line num="8" count="26" type="stmt"/>
        <line num="9" count="26" type="stmt"/>
        <line num="10" count="26" type="cond" truecount="1" falsecount="1"/>
        <line num="11" count="0" type="stmt"/>
        <line num="13" count="26" type="stmt"/>
        <line num="21" count="26" type="stmt"/>
        <line num="22" count="26" type="stmt"/>
        <line num="28" count="26" type="stmt"/>
        <line num="29" count="26" type="cond" truecount="2" falsecount="0"/>
        <line num="30" count="26" type="stmt"/>
        <line num="31" count="26" type="stmt"/>
        <line num="32" count="0" type="stmt"/>
        <line num="36" count="3" type="stmt"/>
      </file>
    </package>
  </project>
</coverage>
