{"/Users/vladimirbujanovic/Projects/vue-carousel-3d/vue-carousel-3d/src/carousel-3d/Carousel3d.vue": {"path":"/Users/vladimirbujanovic/Projects/vue-carousel-3d/vue-carousel-3d/src/carousel-3d/Carousel3d.vue","statementMap":{"0":{"start":{"line":12,"column":0},"end":{"line":12,"column":null}},"1":{"start":{"line":13,"column":0},"end":{"line":13,"column":null}},"2":{"start":{"line":15,"column":0},"end":{"line":15,"column":null}},"3":{"start":{"line":126,"column":0},"end":{"line":126,"column":null}},"4":{"start":{"line":143,"column":0},"end":{"line":143,"column":null}},"5":{"start":{"line":148,"column":0},"end":{"line":148,"column":null}},"6":{"start":{"line":151,"column":0},"end":{"line":151,"column":null}},"7":{"start":{"line":154,"column":0},"end":{"line":154,"column":null}},"8":{"start":{"line":157,"column":0},"end":{"line":157,"column":null}},"9":{"start":{"line":160,"column":0},"end":{"line":160,"column":null}},"10":{"start":{"line":161,"column":0},"end":{"line":161,"column":null}},"11":{"start":{"line":163,"column":0},"end":{"line":163,"column":null}},"12":{"start":{"line":166,"column":0},"end":{"line":166,"column":null}},"13":{"start":{"line":167,"column":0},"end":{"line":167,"column":null}},"14":{"start":{"line":168,"column":0},"end":{"line":168,"column":null}},"15":{"start":{"line":170,"column":0},"end":{"line":170,"column":null}},"16":{"start":{"line":173,"column":0},"end":{"line":173,"column":null}},"17":{"start":{"line":174,"column":0},"end":{"line":174,"column":null}},"18":{"start":{"line":177,"column":0},"end":{"line":177,"column":null}},"19":{"start":{"line":180,"column":0},"end":{"line":180,"column":null}},"20":{"start":{"line":182,"column":0},"end":{"line":182,"column":null}},"21":{"start":{"line":184,"column":0},"end":{"line":184,"column":null}},"22":{"start":{"line":186,"column":0},"end":{"line":190,"column":null}},"23":{"start":{"line":186,"column":0},"end":{"line":186,"column":null}},"24":{"start":{"line":187,"column":0},"end":{"line":187,"column":null}},"25":{"start":{"line":192,"column":0},"end":{"line":192,"column":null}},"26":{"start":{"line":195,"column":0},"end":{"line":195,"column":null}},"27":{"start":{"line":197,"column":0},"end":{"line":197,"column":null}},"28":{"start":{"line":198,"column":0},"end":{"line":198,"column":null}},"29":{"start":{"line":200,"column":0},"end":{"line":204,"column":null}},"30":{"start":{"line":200,"column":0},"end":{"line":200,"column":null}},"31":{"start":{"line":201,"column":0},"end":{"line":201,"column":null}},"32":{"start":{"line":206,"column":0},"end":{"line":206,"column":null}},"33":{"start":{"line":209,"column":0},"end":{"line":209,"column":null}},"34":{"start":{"line":211,"column":0},"end":{"line":211,"column":null}},"35":{"start":{"line":212,"column":0},"end":{"line":212,"column":null}},"36":{"start":{"line":214,"column":0},"end":{"line":220,"column":null}},"37":{"start":{"line":215,"column":0},"end":{"line":215,"column":null}},"38":{"start":{"line":219,"column":0},"end":{"line":219,"column":null}},"39":{"start":{"line":223,"column":0},"end":{"line":223,"column":null}},"40":{"start":{"line":225,"column":0},"end":{"line":225,"column":null}},"41":{"start":{"line":226,"column":0},"end":{"line":226,"column":null}},"42":{"start":{"line":228,"column":0},"end":{"line":234,"column":null}},"43":{"start":{"line":229,"column":0},"end":{"line":229,"column":null}},"44":{"start":{"line":231,"column":0},"end":{"line":231,"column":null}},"45":{"start":{"line":242,"column":0},"end":{"line":244,"column":null}},"46":{"start":{"line":243,"column":0},"end":{"line":243,"column":null}},"47":{"start":{"line":250,"column":0},"end":{"line":252,"column":null}},"48":{"start":{"line":251,"column":0},"end":{"line":251,"column":null}},"49":{"start":{"line":259,"column":0},"end":{"line":259,"column":null}},"50":{"start":{"line":261,"column":0},"end":{"line":268,"column":null}},"51":{"start":{"line":262,"column":0},"end":{"line":264,"column":null}},"52":{"start":{"line":263,"column":0},"end":{"line":263,"column":null}},"53":{"start":{"line":265,"column":0},"end":{"line":265,"column":null}},"54":{"start":{"line":267,"column":0},"end":{"line":267,"column":null}},"55":{"start":{"line":270,"column":0},"end":{"line":270,"column":null}},"56":{"start":{"line":272,"column":0},"end":{"line":272,"column":null}},"57":{"start":{"line":278,"column":0},"end":{"line":278,"column":null}},"58":{"start":{"line":280,"column":0},"end":{"line":282,"column":null}},"59":{"start":{"line":281,"column":0},"end":{"line":281,"column":null}},"60":{"start":{"line":284,"column":0},"end":{"line":284,"column":null}},"61":{"start":{"line":285,"column":0},"end":{"line":285,"column":null}},"62":{"start":{"line":286,"column":0},"end":{"line":286,"column":null}},"63":{"start":{"line":288,"column":0},"end":{"line":295,"column":null}},"64":{"start":{"line":289,"column":0},"end":{"line":289,"column":null}},"65":{"start":{"line":290,"column":0},"end":{"line":290,"column":null}},"66":{"start":{"line":292,"column":0},"end":{"line":292,"column":null}},"67":{"start":{"line":294,"column":0},"end":{"line":294,"column":null}},"68":{"start":{"line":301,"column":0},"end":{"line":303,"column":null}},"69":{"start":{"line":302,"column":0},"end":{"line":302,"column":null}},"70":{"start":{"line":304,"column":0},"end":{"line":304,"column":null}},"71":{"start":{"line":306,"column":0},"end":{"line":306,"column":null}},"72":{"start":{"line":313,"column":0},"end":{"line":313,"column":null}},"73":{"start":{"line":314,"column":0},"end":{"line":314,"column":null}},"74":{"start":{"line":315,"column":0},"end":{"line":315,"column":null}},"75":{"start":{"line":322,"column":0},"end":{"line":324,"column":null}},"76":{"start":{"line":323,"column":0},"end":{"line":323,"column":null}},"77":{"start":{"line":326,"column":0},"end":{"line":326,"column":null}},"78":{"start":{"line":327,"column":0},"end":{"line":327,"column":null}},"79":{"start":{"line":328,"column":0},"end":{"line":328,"column":null}},"80":{"start":{"line":335,"column":0},"end":{"line":337,"column":null}},"81":{"start":{"line":336,"column":0},"end":{"line":336,"column":null}},"82":{"start":{"line":339,"column":0},"end":{"line":339,"column":null}},"83":{"start":{"line":340,"column":0},"end":{"line":340,"column":null}},"84":{"start":{"line":341,"column":0},"end":{"line":341,"column":null}},"85":{"start":{"line":342,"column":0},"end":{"line":342,"column":null}},"86":{"start":{"line":344,"column":0},"end":{"line":344,"column":null}},"87":{"start":{"line":345,"column":0},"end":{"line":345,"column":null}},"88":{"start":{"line":348,"column":0},"end":{"line":350,"column":null}},"89":{"start":{"line":349,"column":0},"end":{"line":349,"column":null}},"90":{"start":{"line":352,"column":0},"end":{"line":358,"column":null}},"91":{"start":{"line":353,"column":0},"end":{"line":353,"column":null}},"92":{"start":{"line":354,"column":0},"end":{"line":354,"column":null}},"93":{"start":{"line":355,"column":0},"end":{"line":358,"column":null}},"94":{"start":{"line":356,"column":0},"end":{"line":356,"column":null}},"95":{"start":{"line":357,"column":0},"end":{"line":357,"column":null}},"96":{"start":{"line":365,"column":0},"end":{"line":365,"column":null}},"97":{"start":{"line":369,"column":0},"end":{"line":385,"column":null}},"98":{"start":{"line":370,"column":0},"end":{"line":370,"column":null}},"99":{"start":{"line":376,"column":0},"end":{"line":380,"column":null}},"100":{"start":{"line":377,"column":0},"end":{"line":379,"column":null}},"101":{"start":{"line":378,"column":0},"end":{"line":378,"column":null}},"102":{"start":{"line":382,"column":0},"end":{"line":384,"column":null}},"103":{"start":{"line":383,"column":0},"end":{"line":383,"column":null}},"104":{"start":{"line":389,"column":0},"end":{"line":391,"column":null}},"105":{"start":{"line":390,"column":0},"end":{"line":390,"column":null}},"106":{"start":{"line":398,"column":0},"end":{"line":402,"column":null}},"107":{"start":{"line":399,"column":0},"end":{"line":401,"column":null}},"108":{"start":{"line":400,"column":0},"end":{"line":400,"column":null}},"109":{"start":{"line":404,"column":0},"end":{"line":404,"column":null}},"110":{"start":{"line":411,"column":0},"end":{"line":411,"column":null}},"111":{"start":{"line":417,"column":0},"end":{"line":417,"column":null}},"112":{"start":{"line":418,"column":0},"end":{"line":420,"column":null}},"113":{"start":{"line":419,"column":0},"end":{"line":419,"column":null}},"114":{"start":{"line":422,"column":0},"end":{"line":422,"column":null}},"115":{"start":{"line":425,"column":0},"end":{"line":425,"column":null}},"116":{"start":{"line":426,"column":0},"end":{"line":426,"column":null}},"117":{"start":{"line":431,"column":0},"end":{"line":445,"column":null}},"118":{"start":{"line":432,"column":0},"end":{"line":432,"column":null}},"119":{"start":{"line":433,"column":0},"end":{"line":433,"column":null}},"120":{"start":{"line":434,"column":0},"end":{"line":434,"column":null}},"121":{"start":{"line":436,"column":0},"end":{"line":444,"column":null}},"122":{"start":{"line":437,"column":0},"end":{"line":437,"column":null}},"123":{"start":{"line":438,"column":0},"end":{"line":438,"column":null}},"124":{"start":{"line":439,"column":0},"end":{"line":439,"column":null}},"125":{"start":{"line":441,"column":0},"end":{"line":441,"column":null}},"126":{"start":{"line":442,"column":0},"end":{"line":442,"column":null}},"127":{"start":{"line":443,"column":0},"end":{"line":443,"column":null}},"128":{"start":{"line":449,"column":0},"end":{"line":459,"column":null}},"129":{"start":{"line":450,"column":0},"end":{"line":450,"column":null}},"130":{"start":{"line":452,"column":0},"end":{"line":456,"column":null}},"131":{"start":{"line":453,"column":0},"end":{"line":453,"column":null}},"132":{"start":{"line":455,"column":0},"end":{"line":455,"column":null}},"133":{"start":{"line":458,"column":0},"end":{"line":458,"column":null}}},"fnMap":{"0":{"name":"(anonymous_1)","decl":{"start":{"line":15,"column":0},"end":{"line":15,"column":null}},"loc":{"start":{"line":15,"column":0},"end":{"line":15,"column":null}}},"1":{"name":"(anonymous_2)","decl":{"start":{"line":125,"column":0},"end":{"line":125,"column":null}},"loc":{"start":{"line":125,"column":0},"end":{"line":137,"column":null}}},"2":{"name":"(anonymous_3)","decl":{"start":{"line":142,"column":0},"end":{"line":142,"column":null}},"loc":{"start":{"line":142,"column":0},"end":{"line":144,"column":null}}},"3":{"name":"(anonymous_4)","decl":{"start":{"line":147,"column":0},"end":{"line":147,"column":null}},"loc":{"start":{"line":147,"column":0},"end":{"line":149,"column":null}}},"4":{"name":"(anonymous_5)","decl":{"start":{"line":150,"column":0},"end":{"line":150,"column":null}},"loc":{"start":{"line":150,"column":0},"end":{"line":152,"column":null}}},"5":{"name":"(anonymous_6)","decl":{"start":{"line":153,"column":0},"end":{"line":153,"column":null}},"loc":{"start":{"line":153,"column":0},"end":{"line":155,"column":null}}},"6":{"name":"(anonymous_7)","decl":{"start":{"line":156,"column":0},"end":{"line":156,"column":null}},"loc":{"start":{"line":156,"column":0},"end":{"line":158,"column":null}}},"7":{"name":"(anonymous_8)","decl":{"start":{"line":159,"column":0},"end":{"line":159,"column":null}},"loc":{"start":{"line":159,"column":0},"end":{"line":164,"column":null}}},"8":{"name":"(anonymous_9)","decl":{"start":{"line":165,"column":0},"end":{"line":165,"column":null}},"loc":{"start":{"line":165,"column":0},"end":{"line":171,"column":null}}},"9":{"name":"(anonymous_10)","decl":{"start":{"line":172,"column":0},"end":{"line":172,"column":null}},"loc":{"start":{"line":172,"column":0},"end":{"line":175,"column":null}}},"10":{"name":"(anonymous_11)","decl":{"start":{"line":176,"column":0},"end":{"line":176,"column":null}},"loc":{"start":{"line":176,"column":0},"end":{"line":178,"column":null}}},"11":{"name":"(anonymous_12)","decl":{"start":{"line":179,"column":0},"end":{"line":179,"column":null}},"loc":{"start":{"line":179,"column":0},"end":{"line":193,"column":null}}},"12":{"name":"(anonymous_13)","decl":{"start":{"line":194,"column":0},"end":{"line":194,"column":null}},"loc":{"start":{"line":194,"column":0},"end":{"line":207,"column":null}}},"13":{"name":"(anonymous_14)","decl":{"start":{"line":208,"column":0},"end":{"line":208,"column":null}},"loc":{"start":{"line":208,"column":0},"end":{"line":221,"column":null}}},"14":{"name":"(anonymous_15)","decl":{"start":{"line":222,"column":0},"end":{"line":222,"column":null}},"loc":{"start":{"line":222,"column":0},"end":{"line":235,"column":null}}},"15":{"name":"(anonymous_16)","decl":{"start":{"line":241,"column":0},"end":{"line":241,"column":null}},"loc":{"start":{"line":241,"column":0},"end":{"line":245,"column":null}}},"16":{"name":"(anonymous_17)","decl":{"start":{"line":249,"column":0},"end":{"line":249,"column":null}},"loc":{"start":{"line":249,"column":0},"end":{"line":253,"column":null}}},"17":{"name":"(anonymous_18)","decl":{"start":{"line":258,"column":0},"end":{"line":258,"column":null}},"loc":{"start":{"line":258,"column":0},"end":{"line":273,"column":null}}},"18":{"name":"(anonymous_19)","decl":{"start":{"line":272,"column":0},"end":{"line":272,"column":null}},"loc":{"start":{"line":272,"column":0},"end":{"line":272,"column":null}}},"19":{"name":"(anonymous_20)","decl":{"start":{"line":277,"column":0},"end":{"line":277,"column":null}},"loc":{"start":{"line":277,"column":0},"end":{"line":296,"column":null}}},"20":{"name":"(anonymous_21)","decl":{"start":{"line":292,"column":0},"end":{"line":292,"column":null}},"loc":{"start":{"line":292,"column":0},"end":{"line":292,"column":null}}},"21":{"name":"(anonymous_22)","decl":{"start":{"line":300,"column":0},"end":{"line":300,"column":null}},"loc":{"start":{"line":300,"column":0},"end":{"line":307,"column":null}}},"22":{"name":"(anonymous_23)","decl":{"start":{"line":312,"column":0},"end":{"line":312,"column":null}},"loc":{"start":{"line":312,"column":0},"end":{"line":316,"column":null}}},"23":{"name":"(anonymous_24)","decl":{"start":{"line":321,"column":0},"end":{"line":321,"column":null}},"loc":{"start":{"line":321,"column":0},"end":{"line":329,"column":null}}},"24":{"name":"(anonymous_25)","decl":{"start":{"line":334,"column":0},"end":{"line":334,"column":null}},"loc":{"start":{"line":334,"column":0},"end":{"line":359,"column":null}}},"25":{"name":"(anonymous_26)","decl":{"start":{"line":364,"column":0},"end":{"line":364,"column":null}},"loc":{"start":{"line":364,"column":0},"end":{"line":386,"column":null}}},"26":{"name":"(anonymous_27)","decl":{"start":{"line":376,"column":0},"end":{"line":376,"column":null}},"loc":{"start":{"line":376,"column":0},"end":{"line":380,"column":null}}},"27":{"name":"(anonymous_28)","decl":{"start":{"line":377,"column":0},"end":{"line":377,"column":null}},"loc":{"start":{"line":377,"column":0},"end":{"line":379,"column":null}}},"28":{"name":"(anonymous_29)","decl":{"start":{"line":388,"column":0},"end":{"line":388,"column":null}},"loc":{"start":{"line":388,"column":0},"end":{"line":392,"column":null}}},"29":{"name":"(anonymous_30)","decl":{"start":{"line":397,"column":0},"end":{"line":397,"column":null}},"loc":{"start":{"line":397,"column":0},"end":{"line":405,"column":null}}},"30":{"name":"(anonymous_31)","decl":{"start":{"line":399,"column":0},"end":{"line":399,"column":null}},"loc":{"start":{"line":399,"column":0},"end":{"line":401,"column":null}}},"31":{"name":"(anonymous_32)","decl":{"start":{"line":410,"column":0},"end":{"line":410,"column":null}},"loc":{"start":{"line":410,"column":0},"end":{"line":412,"column":null}}},"32":{"name":"(anonymous_33)","decl":{"start":{"line":416,"column":0},"end":{"line":416,"column":null}},"loc":{"start":{"line":416,"column":0},"end":{"line":423,"column":null}}},"33":{"name":"(anonymous_34)","decl":{"start":{"line":424,"column":0},"end":{"line":424,"column":null}},"loc":{"start":{"line":424,"column":0},"end":{"line":427,"column":null}}},"34":{"name":"(anonymous_35)","decl":{"start":{"line":430,"column":0},"end":{"line":430,"column":null}},"loc":{"start":{"line":430,"column":0},"end":{"line":446,"column":null}}},"35":{"name":"(anonymous_36)","decl":{"start":{"line":448,"column":0},"end":{"line":448,"column":null}},"loc":{"start":{"line":448,"column":0},"end":{"line":460,"column":null}}}},"branchMap":{"0":{"loc":{"start":{"line":154,"column":0},"end":{"line":154,"column":null}},"type":"binary-expr","locations":[{"start":{"line":154,"column":0},"end":{"line":154,"column":null}},{"start":{"line":154,"column":0},"end":{"line":154,"column":null}}]},"1":{"loc":{"start":{"line":157,"column":0},"end":{"line":157,"column":null}},"type":"binary-expr","locations":[{"start":{"line":157,"column":0},"end":{"line":157,"column":null}},{"start":{"line":157,"column":0},"end":{"line":157,"column":null}}]},"2":{"loc":{"start":{"line":163,"column":0},"end":{"line":163,"column":null}},"type":"cond-expr","locations":[{"start":{"line":163,"column":0},"end":{"line":163,"column":null}},{"start":{"line":163,"column":0},"end":{"line":163,"column":null}}]},"3":{"loc":{"start":{"line":173,"column":0},"end":{"line":173,"column":null}},"type":"cond-expr","locations":[{"start":{"line":173,"column":0},"end":{"line":173,"column":null}},{"start":{"line":173,"column":0},"end":{"line":173,"column":null}}]},"4":{"loc":{"start":{"line":182,"column":0},"end":{"line":182,"column":null}},"type":"cond-expr","locations":[{"start":{"line":182,"column":0},"end":{"line":182,"column":null}},{"start":{"line":182,"column":0},"end":{"line":182,"column":null}}]},"5":{"loc":{"start":{"line":187,"column":0},"end":{"line":187,"column":null}},"type":"cond-expr","locations":[{"start":{"line":187,"column":0},"end":{"line":187,"column":null}},{"start":{"line":187,"column":0},"end":{"line":187,"column":null}}]},"6":{"loc":{"start":{"line":197,"column":0},"end":{"line":197,"column":null}},"type":"cond-expr","locations":[{"start":{"line":197,"column":0},"end":{"line":197,"column":null}},{"start":{"line":197,"column":0},"end":{"line":197,"column":null}}]},"7":{"loc":{"start":{"line":201,"column":0},"end":{"line":201,"column":null}},"type":"cond-expr","locations":[{"start":{"line":201,"column":0},"end":{"line":201,"column":null}},{"start":{"line":201,"column":0},"end":{"line":201,"column":null}}]},"8":{"loc":{"start":{"line":211,"column":0},"end":{"line":211,"column":null}},"type":"cond-expr","locations":[{"start":{"line":211,"column":0},"end":{"line":211,"column":null}},{"start":{"line":211,"column":0},"end":{"line":211,"column":null}}]},"9":{"loc":{"start":{"line":214,"column":0},"end":{"line":220,"column":null}},"type":"if","locations":[{"start":{"line":214,"column":0},"end":{"line":220,"column":null}},{"start":{"line":214,"column":0},"end":{"line":220,"column":null}}]},"10":{"loc":{"start":{"line":215,"column":0},"end":{"line":215,"column":null}},"type":"cond-expr","locations":[{"start":{"line":215,"column":0},"end":{"line":215,"column":null}},{"start":{"line":215,"column":0},"end":{"line":215,"column":null}}]},"11":{"loc":{"start":{"line":225,"column":0},"end":{"line":225,"column":null}},"type":"cond-expr","locations":[{"start":{"line":225,"column":0},"end":{"line":225,"column":null}},{"start":{"line":225,"column":0},"end":{"line":225,"column":null}}]},"12":{"loc":{"start":{"line":228,"column":0},"end":{"line":234,"column":null}},"type":"if","locations":[{"start":{"line":228,"column":0},"end":{"line":234,"column":null}},{"start":{"line":228,"column":0},"end":{"line":234,"column":null}}]},"13":{"loc":{"start":{"line":231,"column":0},"end":{"line":231,"column":null}},"type":"cond-expr","locations":[{"start":{"line":231,"column":0},"end":{"line":231,"column":null}},{"start":{"line":231,"column":0},"end":{"line":231,"column":null}}]},"14":{"loc":{"start":{"line":242,"column":0},"end":{"line":244,"column":null}},"type":"if","locations":[{"start":{"line":242,"column":0},"end":{"line":244,"column":null}},{"start":{"line":242,"column":0},"end":{"line":244,"column":null}}]},"15":{"loc":{"start":{"line":243,"column":0},"end":{"line":243,"column":null}},"type":"cond-expr","locations":[{"start":{"line":243,"column":0},"end":{"line":243,"column":null}},{"start":{"line":243,"column":0},"end":{"line":243,"column":null}}]},"16":{"loc":{"start":{"line":250,"column":0},"end":{"line":252,"column":null}},"type":"if","locations":[{"start":{"line":250,"column":0},"end":{"line":252,"column":null}},{"start":{"line":250,"column":0},"end":{"line":252,"column":null}}]},"17":{"loc":{"start":{"line":251,"column":0},"end":{"line":251,"column":null}},"type":"cond-expr","locations":[{"start":{"line":251,"column":0},"end":{"line":251,"column":null}},{"start":{"line":251,"column":0},"end":{"line":251,"column":null}}]},"18":{"loc":{"start":{"line":259,"column":0},"end":{"line":259,"column":null}},"type":"cond-expr","locations":[{"start":{"line":259,"column":0},"end":{"line":259,"column":null}},{"start":{"line":259,"column":0},"end":{"line":259,"column":null}}]},"19":{"loc":{"start":{"line":261,"column":0},"end":{"line":268,"column":null}},"type":"if","locations":[{"start":{"line":261,"column":0},"end":{"line":268,"column":null}},{"start":{"line":261,"column":0},"end":{"line":268,"column":null}}]},"20":{"loc":{"start":{"line":262,"column":0},"end":{"line":264,"column":null}},"type":"if","locations":[{"start":{"line":262,"column":0},"end":{"line":264,"column":null}},{"start":{"line":262,"column":0},"end":{"line":264,"column":null}}]},"21":{"loc":{"start":{"line":278,"column":0},"end":{"line":278,"column":null}},"type":"cond-expr","locations":[{"start":{"line":278,"column":0},"end":{"line":278,"column":null}},{"start":{"line":278,"column":0},"end":{"line":278,"column":null}}]},"22":{"loc":{"start":{"line":280,"column":0},"end":{"line":282,"column":null}},"type":"if","locations":[{"start":{"line":280,"column":0},"end":{"line":282,"column":null}},{"start":{"line":280,"column":0},"end":{"line":282,"column":null}}]},"23":{"loc":{"start":{"line":280,"column":0},"end":{"line":280,"column":null}},"type":"binary-expr","locations":[{"start":{"line":280,"column":0},"end":{"line":280,"column":null}},{"start":{"line":280,"column":0},"end":{"line":280,"column":null}}]},"24":{"loc":{"start":{"line":284,"column":0},"end":{"line":284,"column":null}},"type":"cond-expr","locations":[{"start":{"line":284,"column":0},"end":{"line":284,"column":null}},{"start":{"line":284,"column":0},"end":{"line":284,"column":null}}]},"25":{"loc":{"start":{"line":290,"column":0},"end":{"line":290,"column":null}},"type":"cond-expr","locations":[{"start":{"line":290,"column":0},"end":{"line":290,"column":null}},{"start":{"line":290,"column":0},"end":{"line":290,"column":null}}]},"26":{"loc":{"start":{"line":292,"column":0},"end":{"line":292,"column":null}},"type":"cond-expr","locations":[{"start":{"line":292,"column":0},"end":{"line":292,"column":null}},{"start":{"line":292,"column":0},"end":{"line":292,"column":null}}]},"27":{"loc":{"start":{"line":301,"column":0},"end":{"line":303,"column":null}},"type":"if","locations":[{"start":{"line":301,"column":0},"end":{"line":303,"column":null}},{"start":{"line":301,"column":0},"end":{"line":303,"column":null}}]},"28":{"loc":{"start":{"line":322,"column":0},"end":{"line":324,"column":null}},"type":"if","locations":[{"start":{"line":322,"column":0},"end":{"line":324,"column":null}},{"start":{"line":322,"column":0},"end":{"line":324,"column":null}}]},"29":{"loc":{"start":{"line":327,"column":0},"end":{"line":327,"column":null}},"type":"cond-expr","locations":[{"start":{"line":327,"column":0},"end":{"line":327,"column":null}},{"start":{"line":327,"column":0},"end":{"line":327,"column":null}}]},"30":{"loc":{"start":{"line":328,"column":0},"end":{"line":328,"column":null}},"type":"cond-expr","locations":[{"start":{"line":328,"column":0},"end":{"line":328,"column":null}},{"start":{"line":328,"column":0},"end":{"line":328,"column":null}}]},"31":{"loc":{"start":{"line":335,"column":0},"end":{"line":337,"column":null}},"type":"if","locations":[{"start":{"line":335,"column":0},"end":{"line":337,"column":null}},{"start":{"line":335,"column":0},"end":{"line":337,"column":null}}]},"32":{"loc":{"start":{"line":339,"column":0},"end":{"line":339,"column":null}},"type":"cond-expr","locations":[{"start":{"line":339,"column":0},"end":{"line":339,"column":null}},{"start":{"line":339,"column":0},"end":{"line":339,"column":null}}]},"33":{"loc":{"start":{"line":340,"column":0},"end":{"line":340,"column":null}},"type":"cond-expr","locations":[{"start":{"line":340,"column":0},"end":{"line":340,"column":null}},{"start":{"line":340,"column":0},"end":{"line":340,"column":null}}]},"34":{"loc":{"start":{"line":348,"column":0},"end":{"line":350,"column":null}},"type":"if","locations":[{"start":{"line":348,"column":0},"end":{"line":350,"column":null}},{"start":{"line":348,"column":0},"end":{"line":350,"column":null}}]},"35":{"loc":{"start":{"line":352,"column":0},"end":{"line":358,"column":null}},"type":"if","locations":[{"start":{"line":352,"column":0},"end":{"line":358,"column":null}},{"start":{"line":352,"column":0},"end":{"line":358,"column":null}}]},"36":{"loc":{"start":{"line":355,"column":0},"end":{"line":358,"column":null}},"type":"if","locations":[{"start":{"line":355,"column":0},"end":{"line":358,"column":null}},{"start":{"line":355,"column":0},"end":{"line":358,"column":null}}]},"37":{"loc":{"start":{"line":365,"column":0},"end":{"line":365,"column":null}},"type":"binary-expr","locations":[{"start":{"line":365,"column":0},"end":{"line":365,"column":null}},{"start":{"line":365,"column":0},"end":{"line":365,"column":null}},{"start":{"line":365,"column":0},"end":{"line":365,"column":null}}]},"38":{"loc":{"start":{"line":369,"column":0},"end":{"line":385,"column":null}},"type":"if","locations":[{"start":{"line":369,"column":0},"end":{"line":385,"column":null}},{"start":{"line":369,"column":0},"end":{"line":385,"column":null}}]},"39":{"loc":{"start":{"line":382,"column":0},"end":{"line":384,"column":null}},"type":"if","locations":[{"start":{"line":382,"column":0},"end":{"line":384,"column":null}},{"start":{"line":382,"column":0},"end":{"line":384,"column":null}}]},"40":{"loc":{"start":{"line":389,"column":0},"end":{"line":391,"column":null}},"type":"if","locations":[{"start":{"line":389,"column":0},"end":{"line":391,"column":null}},{"start":{"line":389,"column":0},"end":{"line":391,"column":null}}]},"41":{"loc":{"start":{"line":398,"column":0},"end":{"line":402,"column":null}},"type":"if","locations":[{"start":{"line":398,"column":0},"end":{"line":402,"column":null}},{"start":{"line":398,"column":0},"end":{"line":402,"column":null}}]},"42":{"loc":{"start":{"line":418,"column":0},"end":{"line":420,"column":null}},"type":"if","locations":[{"start":{"line":418,"column":0},"end":{"line":420,"column":null}},{"start":{"line":418,"column":0},"end":{"line":420,"column":null}}]},"43":{"loc":{"start":{"line":418,"column":0},"end":{"line":418,"column":null}},"type":"binary-expr","locations":[{"start":{"line":418,"column":0},"end":{"line":418,"column":null}},{"start":{"line":418,"column":0},"end":{"line":418,"column":null}}]},"44":{"loc":{"start":{"line":419,"column":0},"end":{"line":419,"column":null}},"type":"cond-expr","locations":[{"start":{"line":419,"column":0},"end":{"line":419,"column":null}},{"start":{"line":419,"column":0},"end":{"line":419,"column":null}}]},"45":{"loc":{"start":{"line":431,"column":0},"end":{"line":445,"column":null}},"type":"if","locations":[{"start":{"line":431,"column":0},"end":{"line":445,"column":null}},{"start":{"line":431,"column":0},"end":{"line":445,"column":null}}]},"46":{"loc":{"start":{"line":436,"column":0},"end":{"line":444,"column":null}},"type":"if","locations":[{"start":{"line":436,"column":0},"end":{"line":444,"column":null}},{"start":{"line":436,"column":0},"end":{"line":444,"column":null}}]},"47":{"loc":{"start":{"line":449,"column":0},"end":{"line":459,"column":null}},"type":"if","locations":[{"start":{"line":449,"column":0},"end":{"line":459,"column":null}},{"start":{"line":449,"column":0},"end":{"line":459,"column":null}}]},"48":{"loc":{"start":{"line":452,"column":0},"end":{"line":456,"column":null}},"type":"if","locations":[{"start":{"line":452,"column":0},"end":{"line":456,"column":null}},{"start":{"line":452,"column":0},"end":{"line":456,"column":null}}]}},"s":{"0":3,"1":3,"2":3,"3":26,"4":0,"5":10,"6":3,"7":9,"8":8,"9":26,"10":26,"11":26,"12":26,"13":26,"14":26,"15":26,"16":46,"17":46,"18":46,"19":51,"20":51,"21":51,"22":51,"23":51,"24":36,"25":51,"26":50,"27":50,"28":50,"29":50,"30":50,"31":19,"32":50,"33":1,"34":1,"35":1,"36":1,"37":0,"38":1,"39":1,"40":1,"41":1,"42":1,"43":0,"44":1,"45":3,"46":3,"47":2,"48":2,"49":6,"50":6,"51":3,"52":0,"53":3,"54":3,"55":6,"56":6,"57":0,"58":0,"59":0,"60":0,"61":0,"62":0,"63":0,"64":0,"65":0,"66":0,"67":0,"68":0,"69":0,"70":0,"71":0,"72":0,"73":0,"74":0,"75":0,"76":0,"77":0,"78":0,"79":0,"80":0,"81":0,"82":0,"83":0,"84":0,"85":0,"86":0,"87":0,"88":0,"89":0,"90":0,"91":0,"92":0,"93":0,"94":0,"95":0,"96":26,"97":26,"98":26,"99":26,"100":0,"101":0,"102":26,"103":26,"104":1,"105":1,"106":28,"107":25,"108":72,"109":3,"110":26,"111":28,"112":28,"113":27,"114":28,"115":0,"116":0,"117":26,"118":26,"119":26,"120":26,"121":26,"122":0,"123":0,"124":0,"125":26,"126":26,"127":26,"128":1,"129":1,"130":1,"131":0,"132":1,"133":1},"f":{"0":3,"1":26,"2":0,"3":10,"4":3,"5":9,"6":8,"7":26,"8":26,"9":46,"10":46,"11":51,"12":50,"13":1,"14":1,"15":3,"16":2,"17":6,"18":0,"19":0,"20":0,"21":0,"22":0,"23":0,"24":0,"25":26,"26":0,"27":0,"28":1,"29":28,"30":72,"31":26,"32":28,"33":0,"34":26,"35":1},"b":{"0":[9,2],"1":[8,1],"2":[26,52],"3":[44,2],"4":[51,0],"5":[0,36],"6":[0,50],"7":[0,19],"8":[1,0],"9":[0,1],"10":[0,0],"11":[0,1],"12":[0,1],"13":[0,1],"14":[3,0],"15":[0,3],"16":[2,0],"17":[1,1],"18":[6,12],"19":[3,3],"20":[0,3],"21":[0,0],"22":[0,0],"23":[0,0],"24":[0,0],"25":[0,0],"26":[0,0],"27":[0,0],"28":[0,0],"29":[0,0],"30":[0,0],"31":[0,0],"32":[0,0],"33":[0,0],"34":[0,0],"35":[0,0],"36":[0,0],"37":[26,0,0],"38":[26,0],"39":[26,0],"40":[1,0],"41":[25,3],"42":[27,1],"43":[28,2],"44":[3,24],"45":[26,0],"46":[0,26],"47":[1,0],"48":[0,1]}}
,"/Users/vladimirbujanovic/Projects/vue-carousel-3d/vue-carousel-3d/src/carousel-3d/Controls.vue": {"path":"/Users/vladimirbujanovic/Projects/vue-carousel-3d/vue-carousel-3d/src/carousel-3d/Controls.vue","statementMap":{"0":{"start":{"line":52,"column":0},"end":{"line":52,"column":null}}},"fnMap":{"0":{"name":"(anonymous_1)","decl":{"start":{"line":51,"column":0},"end":{"line":51,"column":null}},"loc":{"start":{"line":51,"column":0},"end":{"line":55,"column":null}}}},"branchMap":{},"s":{"0":5},"f":{"0":5},"b":{}}
,"/Users/vladimirbujanovic/Projects/vue-carousel-3d/vue-carousel-3d/src/carousel-3d/Slide.vue": {"path":"/Users/vladimirbujanovic/Projects/vue-carousel-3d/vue-carousel-3d/src/carousel-3d/Slide.vue","statementMap":{"0":{"start":{"line":16,"column":0},"end":{"line":16,"column":null}},"1":{"start":{"line":24,"column":0},"end":{"line":24,"column":null}},"2":{"start":{"line":27,"column":0},"end":{"line":27,"column":null}},"3":{"start":{"line":29,"column":0},"end":{"line":29,"column":null}},"4":{"start":{"line":32,"column":0},"end":{"line":32,"column":null}},"5":{"start":{"line":34,"column":0},"end":{"line":34,"column":null}},"6":{"start":{"line":37,"column":0},"end":{"line":37,"column":null}},"7":{"start":{"line":39,"column":0},"end":{"line":55,"column":null}},"8":{"start":{"line":40,"column":0},"end":{"line":40,"column":null}},"9":{"start":{"line":41,"column":0},"end":{"line":41,"column":null}},"10":{"start":{"line":42,"column":0},"end":{"line":46,"column":null}},"11":{"start":{"line":43,"column":0},"end":{"line":43,"column":null}},"12":{"start":{"line":44,"column":0},"end":{"line":44,"column":null}},"13":{"start":{"line":45,"column":0},"end":{"line":45,"column":null}},"14":{"start":{"line":48,"column":0},"end":{"line":54,"column":null}},"15":{"start":{"line":49,"column":0},"end":{"line":53,"column":null}},"16":{"start":{"line":50,"column":0},"end":{"line":50,"column":null}},"17":{"start":{"line":51,"column":0},"end":{"line":53,"column":null}},"18":{"start":{"line":52,"column":0},"end":{"line":52,"column":null}},"19":{"start":{"line":57,"column":0},"end":{"line":57,"column":null}},"20":{"start":{"line":67,"column":0},"end":{"line":67,"column":null}},"21":{"start":{"line":76,"column":0},"end":{"line":76,"column":null}},"22":{"start":{"line":78,"column":0},"end":{"line":82,"column":null}},"23":{"start":{"line":79,"column":0},"end":{"line":81,"column":null}},"24":{"start":{"line":80,"column":0},"end":{"line":80,"column":null}},"25":{"start":{"line":84,"column":0},"end":{"line":84,"column":null}},"26":{"start":{"line":87,"column":0},"end":{"line":87,"column":null}},"27":{"start":{"line":90,"column":0},"end":{"line":90,"column":null}},"28":{"start":{"line":91,"column":0},"end":{"line":91,"column":null}},"29":{"start":{"line":92,"column":0},"end":{"line":92,"column":null}},"30":{"start":{"line":95,"column":0},"end":{"line":95,"column":null}},"31":{"start":{"line":100,"column":0},"end":{"line":100,"column":null}},"32":{"start":{"line":102,"column":0},"end":{"line":102,"column":null}},"33":{"start":{"line":109,"column":0},"end":{"line":116,"column":null}},"34":{"start":{"line":110,"column":0},"end":{"line":112,"column":null}},"35":{"start":{"line":111,"column":0},"end":{"line":111,"column":null}},"36":{"start":{"line":114,"column":0},"end":{"line":114,"column":null}},"37":{"start":{"line":115,"column":0},"end":{"line":115,"column":null}}},"fnMap":{"0":{"name":"(anonymous_1)","decl":{"start":{"line":15,"column":0},"end":{"line":15,"column":null}},"loc":{"start":{"line":15,"column":0},"end":{"line":21,"column":null}}},"1":{"name":"(anonymous_2)","decl":{"start":{"line":23,"column":0},"end":{"line":23,"column":null}},"loc":{"start":{"line":23,"column":0},"end":{"line":25,"column":null}}},"2":{"name":"(anonymous_3)","decl":{"start":{"line":26,"column":0},"end":{"line":26,"column":null}},"loc":{"start":{"line":26,"column":0},"end":{"line":30,"column":null}}},"3":{"name":"(anonymous_4)","decl":{"start":{"line":31,"column":0},"end":{"line":31,"column":null}},"loc":{"start":{"line":31,"column":0},"end":{"line":35,"column":null}}},"4":{"name":"(anonymous_5)","decl":{"start":{"line":36,"column":0},"end":{"line":36,"column":null}},"loc":{"start":{"line":36,"column":0},"end":{"line":65,"column":null}}},"5":{"name":"(anonymous_6)","decl":{"start":{"line":66,"column":0},"end":{"line":66,"column":null}},"loc":{"start":{"line":66,"column":0},"end":{"line":72,"column":null}}},"6":{"name":"(anonymous_7)","decl":{"start":{"line":75,"column":0},"end":{"line":75,"column":null}},"loc":{"start":{"line":75,"column":0},"end":{"line":85,"column":null}}},"7":{"name":"(anonymous_8)","decl":{"start":{"line":78,"column":0},"end":{"line":78,"column":null}},"loc":{"start":{"line":78,"column":0},"end":{"line":82,"column":null}}},"8":{"name":"(anonymous_9)","decl":{"start":{"line":86,"column":0},"end":{"line":86,"column":null}},"loc":{"start":{"line":86,"column":0},"end":{"line":88,"column":null}}},"9":{"name":"(anonymous_10)","decl":{"start":{"line":89,"column":0},"end":{"line":89,"column":null}},"loc":{"start":{"line":89,"column":0},"end":{"line":107,"column":null}}},"10":{"name":"(anonymous_11)","decl":{"start":{"line":108,"column":0},"end":{"line":108,"column":null}},"loc":{"start":{"line":108,"column":0},"end":{"line":117,"column":null}}}},"branchMap":{"0":{"loc":{"start":{"line":27,"column":0},"end":{"line":27,"column":null}},"type":"if","locations":[{"start":{"line":27,"column":0},"end":{"line":27,"column":null}},{"start":{"line":27,"column":0},"end":{"line":27,"column":null}}]},"1":{"loc":{"start":{"line":32,"column":0},"end":{"line":32,"column":null}},"type":"if","locations":[{"start":{"line":32,"column":0},"end":{"line":32,"column":null}},{"start":{"line":32,"column":0},"end":{"line":32,"column":null}}]},"2":{"loc":{"start":{"line":39,"column":0},"end":{"line":55,"column":null}},"type":"if","locations":[{"start":{"line":39,"column":0},"end":{"line":55,"column":null}},{"start":{"line":39,"column":0},"end":{"line":55,"column":null}}]},"3":{"loc":{"start":{"line":42,"column":0},"end":{"line":46,"column":null}},"type":"if","locations":[{"start":{"line":42,"column":0},"end":{"line":46,"column":null}},{"start":{"line":42,"column":0},"end":{"line":46,"column":null}}]},"4":{"loc":{"start":{"line":42,"column":0},"end":{"line":42,"column":null}},"type":"binary-expr","locations":[{"start":{"line":42,"column":0},"end":{"line":42,"column":null}},{"start":{"line":42,"column":0},"end":{"line":42,"column":null}}]},"5":{"loc":{"start":{"line":43,"column":0},"end":{"line":43,"column":null}},"type":"cond-expr","locations":[{"start":{"line":43,"column":0},"end":{"line":43,"column":null}},{"start":{"line":43,"column":0},"end":{"line":43,"column":null}}]},"6":{"loc":{"start":{"line":48,"column":0},"end":{"line":54,"column":null}},"type":"if","locations":[{"start":{"line":48,"column":0},"end":{"line":54,"column":null}},{"start":{"line":48,"column":0},"end":{"line":54,"column":null}}]},"7":{"loc":{"start":{"line":49,"column":0},"end":{"line":53,"column":null}},"type":"if","locations":[{"start":{"line":49,"column":0},"end":{"line":53,"column":null}},{"start":{"line":49,"column":0},"end":{"line":53,"column":null}}]},"8":{"loc":{"start":{"line":51,"column":0},"end":{"line":53,"column":null}},"type":"if","locations":[{"start":{"line":51,"column":0},"end":{"line":53,"column":null}},{"start":{"line":51,"column":0},"end":{"line":53,"column":null}}]},"9":{"loc":{"start":{"line":79,"column":0},"end":{"line":81,"column":null}},"type":"if","locations":[{"start":{"line":79,"column":0},"end":{"line":81,"column":null}},{"start":{"line":79,"column":0},"end":{"line":81,"column":null}}]},"10":{"loc":{"start":{"line":87,"column":0},"end":{"line":87,"column":null}},"type":"cond-expr","locations":[{"start":{"line":87,"column":0},"end":{"line":87,"column":null}},{"start":{"line":87,"column":0},"end":{"line":87,"column":null}}]},"11":{"loc":{"start":{"line":90,"column":0},"end":{"line":90,"column":null}},"type":"cond-expr","locations":[{"start":{"line":90,"column":0},"end":{"line":90,"column":null}},{"start":{"line":90,"column":0},"end":{"line":90,"column":null}}]},"12":{"loc":{"start":{"line":91,"column":0},"end":{"line":91,"column":null}},"type":"cond-expr","locations":[{"start":{"line":91,"column":0},"end":{"line":91,"column":null}},{"start":{"line":91,"column":0},"end":{"line":91,"column":null}}]},"13":{"loc":{"start":{"line":92,"column":0},"end":{"line":92,"column":null}},"type":"cond-expr","locations":[{"start":{"line":92,"column":0},"end":{"line":92,"column":null}},{"start":{"line":92,"column":0},"end":{"line":92,"column":null}}]},"14":{"loc":{"start":{"line":95,"column":0},"end":{"line":95,"column":null}},"type":"cond-expr","locations":[{"start":{"line":95,"column":0},"end":{"line":95,"column":null}},{"start":{"line":95,"column":0},"end":{"line":95,"column":null}}]},"15":{"loc":{"start":{"line":100,"column":0},"end":{"line":100,"column":null}},"type":"cond-expr","locations":[{"start":{"line":100,"column":0},"end":{"line":100,"column":null}},{"start":{"line":100,"column":0},"end":{"line":100,"column":null}}]},"16":{"loc":{"start":{"line":109,"column":0},"end":{"line":116,"column":null}},"type":"if","locations":[{"start":{"line":109,"column":0},"end":{"line":116,"column":null}},{"start":{"line":109,"column":0},"end":{"line":116,"column":null}}]},"17":{"loc":{"start":{"line":110,"column":0},"end":{"line":112,"column":null}},"type":"if","locations":[{"start":{"line":110,"column":0},"end":{"line":112,"column":null}},{"start":{"line":110,"column":0},"end":{"line":112,"column":null}}]}},"s":{"0":68,"1":92,"2":154,"3":154,"4":152,"5":152,"6":153,"7":153,"8":152,"9":152,"10":152,"11":4,"12":4,"13":4,"14":152,"15":7,"16":0,"17":7,"18":0,"19":153,"20":154,"21":306,"22":306,"23":201,"24":4,"25":306,"26":215,"27":5,"28":5,"29":5,"30":5,"31":5,"32":5,"33":0,"34":0,"35":0,"36":0,"37":0},"f":{"0":68,"1":92,"2":154,"3":152,"4":153,"5":154,"6":306,"7":201,"8":215,"9":5,"10":0},"b":{"0":[154,154],"1":[152,152],"2":[152,1],"3":[4,148],"4":[152,150],"5":[2,2],"6":[7,145],"7":[0,7],"8":[0,7],"9":[4,197],"10":[105,110],"11":[5,0],"12":[5,0],"13":[5,0],"14":[3,2],"15":[5,0],"16":[0,0],"17":[0,0]}}
,"/Users/vladimirbujanovic/Projects/vue-carousel-3d/vue-carousel-3d/src/carousel-3d/mixins/autoplay.js": {"path":"/Users/vladimirbujanovic/Projects/vue-carousel-3d/vue-carousel-3d/src/carousel-3d/mixins/autoplay.js","statementMap":{"0":{"start":{"line":1,"column":17},"end":{"line":60,"column":1}},"1":{"start":{"line":26,"column":8},"end":{"line":28,"column":9}},"2":{"start":{"line":31,"column":8},"end":{"line":36,"column":9}},"3":{"start":{"line":32,"column":12},"end":{"line":32,"column":32}},"4":{"start":{"line":34,"column":12},"end":{"line":34,"column":74}},"5":{"start":{"line":35,"column":12},"end":{"line":35,"column":74}},"6":{"start":{"line":40,"column":12},"end":{"line":42,"column":13}},"7":{"start":{"line":41,"column":16},"end":{"line":41,"column":76}},"8":{"start":{"line":45,"column":12},"end":{"line":49,"column":13}},"9":{"start":{"line":46,"column":16},"end":{"line":48,"column":40}},"10":{"start":{"line":47,"column":20},"end":{"line":47,"column":70}},"11":{"start":{"line":53,"column":8},"end":{"line":58,"column":9}},"12":{"start":{"line":54,"column":12},"end":{"line":54,"column":71}},"13":{"start":{"line":55,"column":12},"end":{"line":55,"column":71}},"14":{"start":{"line":57,"column":12},"end":{"line":57,"column":32}}},"fnMap":{"0":{"name":"(anonymous_0)","decl":{"start":{"line":25,"column":4},"end":{"line":25,"column":5}},"loc":{"start":{"line":25,"column":12},"end":{"line":29,"column":5}},"line":25},"1":{"name":"(anonymous_1)","decl":{"start":{"line":30,"column":4},"end":{"line":30,"column":5}},"loc":{"start":{"line":30,"column":17},"end":{"line":37,"column":5}},"line":30},"2":{"name":"(anonymous_2)","decl":{"start":{"line":39,"column":8},"end":{"line":39,"column":9}},"loc":{"start":{"line":39,"column":25},"end":{"line":43,"column":9}},"line":39},"3":{"name":"(anonymous_3)","decl":{"start":{"line":44,"column":8},"end":{"line":44,"column":9}},"loc":{"start":{"line":44,"column":25},"end":{"line":50,"column":9}},"line":44},"4":{"name":"(anonymous_4)","decl":{"start":{"line":46,"column":52},"end":{"line":46,"column":53}},"loc":{"start":{"line":46,"column":58},"end":{"line":48,"column":17}},"line":46},"5":{"name":"(anonymous_5)","decl":{"start":{"line":52,"column":4},"end":{"line":52,"column":5}},"loc":{"start":{"line":52,"column":15},"end":{"line":59,"column":5}},"line":52}},"branchMap":{"0":{"loc":{"start":{"line":31,"column":8},"end":{"line":36,"column":9}},"type":"if","locations":[{"start":{"line":31,"column":8},"end":{"line":36,"column":9}},{"start":{"line":31,"column":8},"end":{"line":36,"column":9}}],"line":31},"1":{"loc":{"start":{"line":40,"column":12},"end":{"line":42,"column":13}},"type":"if","locations":[{"start":{"line":40,"column":12},"end":{"line":42,"column":13}},{"start":{"line":40,"column":12},"end":{"line":42,"column":13}}],"line":40},"2":{"loc":{"start":{"line":45,"column":12},"end":{"line":49,"column":13}},"type":"if","locations":[{"start":{"line":45,"column":12},"end":{"line":49,"column":13}},{"start":{"line":45,"column":12},"end":{"line":49,"column":13}}],"line":45},"3":{"loc":{"start":{"line":47,"column":20},"end":{"line":47,"column":70}},"type":"cond-expr","locations":[{"start":{"line":47,"column":41},"end":{"line":47,"column":54}},{"start":{"line":47,"column":57},"end":{"line":47,"column":70}}],"line":47},"4":{"loc":{"start":{"line":53,"column":8},"end":{"line":58,"column":9}},"type":"if","locations":[{"start":{"line":53,"column":8},"end":{"line":58,"column":9}},{"start":{"line":53,"column":8},"end":{"line":58,"column":9}}],"line":53},"5":{"loc":{"start":{"line":53,"column":12},"end":{"line":53,"column":54}},"type":"binary-expr","locations":[{"start":{"line":53,"column":12},"end":{"line":53,"column":27}},{"start":{"line":53,"column":31},"end":{"line":53,"column":54}}],"line":53}},"s":{"0":3,"1":26,"2":1,"3":1,"4":1,"5":1,"6":1,"7":0,"8":26,"9":0,"10":0,"11":26,"12":26,"13":26,"14":26},"f":{"0":26,"1":1,"2":1,"3":26,"4":0,"5":26},"b":{"0":[1,0],"1":[0,1],"2":[0,26],"3":[0,0],"4":[26,0],"5":[26,26]},"_coverageSchema":"43e27e138ebf9cfc5966b082cf9a028302ed4184","hash":"0cfe318964e3df2e897b410617ccacddf4775a14"}
,"/Users/vladimirbujanovic/Projects/vue-carousel-3d/vue-carousel-3d/tests/unit/utils.js": {"path":"/Users/vladimirbujanovic/Projects/vue-carousel-3d/vue-carousel-3d/tests/unit/utils.js","statementMap":{"0":{"start":{"line":3,"column":12},"end":{"line":3,"column":26}},"1":{"start":{"line":4,"column":18},"end":{"line":4,"column":38}},"2":{"start":{"line":8,"column":4},"end":{"line":16,"column":6}},"3":{"start":{"line":9,"column":8},"end":{"line":15,"column":10}},"4":{"start":{"line":10,"column":12},"end":{"line":14,"column":13}},"5":{"start":{"line":11,"column":16},"end":{"line":11,"column":27}},"6":{"start":{"line":13,"column":16},"end":{"line":13,"column":29}},"7":{"start":{"line":21,"column":4},"end":{"line":23,"column":6}},"8":{"start":{"line":22,"column":8},"end":{"line":22,"column":37}},"9":{"start":{"line":22,"column":27},"end":{"line":22,"column":36}},"10":{"start":{"line":28,"column":4},"end":{"line":33,"column":6}},"11":{"start":{"line":29,"column":8},"end":{"line":32,"column":40}},"12":{"start":{"line":29,"column":32},"end":{"line":29,"column":71}},"13":{"start":{"line":30,"column":12},"end":{"line":30,"column":42}},"14":{"start":{"line":31,"column":12},"end":{"line":31,"column":21}},"15":{"start":{"line":32,"column":27},"end":{"line":32,"column":38}},"16":{"start":{"line":36,"column":0},"end":{"line":36,"column":53}}},"fnMap":{"0":{"name":"html2pug","decl":{"start":{"line":7,"column":9},"end":{"line":7,"column":17}},"loc":{"start":{"line":7,"column":25},"end":{"line":17,"column":1}},"line":7},"1":{"name":"(anonymous_1)","decl":{"start":{"line":8,"column":23},"end":{"line":8,"column":24}},"loc":{"start":{"line":8,"column":44},"end":{"line":16,"column":5}},"line":8},"2":{"name":"(anonymous_2)","decl":{"start":{"line":9,"column":56},"end":{"line":9,"column":57}},"loc":{"start":{"line":9,"column":71},"end":{"line":15,"column":9}},"line":9},"3":{"name":"nextTick","decl":{"start":{"line":20,"column":9},"end":{"line":20,"column":17}},"loc":{"start":{"line":20,"column":21},"end":{"line":24,"column":1}},"line":20},"4":{"name":"(anonymous_4)","decl":{"start":{"line":21,"column":23},"end":{"line":21,"column":24}},"loc":{"start":{"line":21,"column":36},"end":{"line":23,"column":5}},"line":21},"5":{"name":"(anonymous_5)","decl":{"start":{"line":22,"column":21},"end":{"line":22,"column":22}},"loc":{"start":{"line":22,"column":27},"end":{"line":22,"column":36}},"line":22},"6":{"name":"expectToMatchSnapshot","decl":{"start":{"line":27,"column":9},"end":{"line":27,"column":30}},"loc":{"start":{"line":27,"column":45},"end":{"line":34,"column":1}},"line":27},"7":{"name":"(anonymous_7)","decl":{"start":{"line":28,"column":23},"end":{"line":28,"column":24}},"loc":{"start":{"line":28,"column":44},"end":{"line":33,"column":5}},"line":28},"8":{"name":"(anonymous_8)","decl":{"start":{"line":29,"column":26},"end":{"line":29,"column":27}},"loc":{"start":{"line":29,"column":32},"end":{"line":29,"column":71}},"line":29},"9":{"name":"(anonymous_9)","decl":{"start":{"line":29,"column":78},"end":{"line":29,"column":79}},"loc":{"start":{"line":29,"column":88},"end":{"line":32,"column":9}},"line":29},"10":{"name":"(anonymous_10)","decl":{"start":{"line":32,"column":17},"end":{"line":32,"column":18}},"loc":{"start":{"line":32,"column":27},"end":{"line":32,"column":38}},"line":32}},"branchMap":{"0":{"loc":{"start":{"line":10,"column":12},"end":{"line":14,"column":13}},"type":"if","locations":[{"start":{"line":10,"column":12},"end":{"line":14,"column":13}},{"start":{"line":10,"column":12},"end":{"line":14,"column":13}}],"line":10},"1":{"loc":{"start":{"line":29,"column":42},"end":{"line":29,"column":59}},"type":"binary-expr","locations":[{"start":{"line":29,"column":42},"end":{"line":29,"column":49}},{"start":{"line":29,"column":53},"end":{"line":29,"column":59}}],"line":29}},"s":{"0":3,"1":3,"2":26,"3":26,"4":26,"5":0,"6":26,"7":26,"8":26,"9":26,"10":26,"11":26,"12":26,"13":26,"14":26,"15":0,"16":3},"f":{"0":26,"1":26,"2":26,"3":26,"4":26,"5":26,"6":26,"7":26,"8":26,"9":26,"10":0},"b":{"0":[0,26],"1":[26,26]},"_coverageSchema":"43e27e138ebf9cfc5966b082cf9a028302ed4184","hash":"c46f8aa5738bfa2afa6b5df282b1384147e58dcc"}
}
