TN:
SF:/Users/vladimirbujanovic/Projects/vue-carousel-3d/vue-carousel-3d/src/carousel-3d/Carousel3d.vue
FN:15,(anonymous_1)
FN:125,(anonymous_2)
FN:142,(anonymous_3)
FN:147,(anonymous_4)
FN:150,(anonymous_5)
FN:153,(anonymous_6)
FN:156,(anonymous_7)
FN:159,(anonymous_8)
FN:165,(anonymous_9)
FN:172,(anonymous_10)
FN:176,(anonymous_11)
FN:179,(anonymous_12)
FN:194,(anonymous_13)
FN:208,(anonymous_14)
FN:222,(anonymous_15)
FN:241,(anonymous_16)
FN:249,(anonymous_17)
FN:258,(anonymous_18)
FN:272,(anonymous_19)
FN:277,(anonymous_20)
FN:292,(anonymous_21)
FN:300,(anonymous_22)
FN:312,(anonymous_23)
FN:321,(anonymous_24)
FN:334,(anonymous_25)
FN:364,(anonymous_26)
FN:376,(anonymous_27)
FN:377,(anonymous_28)
FN:388,(anonymous_29)
FN:397,(anonymous_30)
FN:399,(anonymous_31)
FN:410,(anonymous_32)
FN:416,(anonymous_33)
FN:424,(anonymous_34)
FN:430,(anonymous_35)
FN:448,(anonymous_36)
FNF:36
FNH:25
FNDA:3,(anonymous_1)
FNDA:26,(anonymous_2)
FNDA:0,(anonymous_3)
FNDA:10,(anonymous_4)
FNDA:3,(anonymous_5)
FNDA:9,(anonymous_6)
FNDA:8,(anonymous_7)
FNDA:26,(anonymous_8)
FNDA:26,(anonymous_9)
FNDA:46,(anonymous_10)
FNDA:46,(anonymous_11)
FNDA:51,(anonymous_12)
FNDA:50,(anonymous_13)
FNDA:1,(anonymous_14)
FNDA:1,(anonymous_15)
FNDA:3,(anonymous_16)
FNDA:2,(anonymous_17)
FNDA:6,(anonymous_18)
FNDA:0,(anonymous_19)
FNDA:0,(anonymous_20)
FNDA:0,(anonymous_21)
FNDA:0,(anonymous_22)
FNDA:0,(anonymous_23)
FNDA:0,(anonymous_24)
FNDA:0,(anonymous_25)
FNDA:26,(anonymous_26)
FNDA:0,(anonymous_27)
FNDA:0,(anonymous_28)
FNDA:1,(anonymous_29)
FNDA:28,(anonymous_30)
FNDA:72,(anonymous_31)
FNDA:26,(anonymous_32)
FNDA:28,(anonymous_33)
FNDA:0,(anonymous_34)
FNDA:26,(anonymous_35)
FNDA:1,(anonymous_36)
DA:12,3
DA:13,3
DA:15,3
DA:126,26
DA:143,0
DA:148,10
DA:151,3
DA:154,9
DA:157,8
DA:160,26
DA:161,26
DA:163,26
DA:166,26
DA:167,26
DA:168,26
DA:170,26
DA:173,46
DA:174,46
DA:177,46
DA:180,51
DA:182,51
DA:184,51
DA:186,51
DA:187,36
DA:192,51
DA:195,50
DA:197,50
DA:198,50
DA:200,50
DA:201,19
DA:206,50
DA:209,1
DA:211,1
DA:212,1
DA:214,1
DA:215,0
DA:219,1
DA:223,1
DA:225,1
DA:226,1
DA:228,1
DA:229,0
DA:231,1
DA:242,3
DA:243,3
DA:250,2
DA:251,2
DA:259,6
DA:261,6
DA:262,3
DA:263,0
DA:265,3
DA:267,3
DA:270,6
DA:272,6
DA:278,0
DA:280,0
DA:281,0
DA:284,0
DA:285,0
DA:286,0
DA:288,0
DA:289,0
DA:290,0
DA:292,0
DA:294,0
DA:301,0
DA:302,0
DA:304,0
DA:306,0
DA:313,0
DA:314,0
DA:315,0
DA:322,0
DA:323,0
DA:326,0
DA:327,0
DA:328,0
DA:335,0
DA:336,0
DA:339,0
DA:340,0
DA:341,0
DA:342,0
DA:344,0
DA:345,0
DA:348,0
DA:349,0
DA:352,0
DA:353,0
DA:354,0
DA:355,0
DA:356,0
DA:357,0
DA:365,26
DA:369,26
DA:370,26
DA:376,26
DA:377,0
DA:378,0
DA:382,26
DA:383,26
DA:389,1
DA:390,1
DA:398,28
DA:399,25
DA:400,72
DA:404,3
DA:411,26
DA:417,28
DA:418,28
DA:419,27
DA:422,28
DA:425,0
DA:426,0
DA:431,26
DA:432,26
DA:433,26
DA:434,26
DA:436,26
DA:437,0
DA:438,0
DA:439,0
DA:441,26
DA:442,26
DA:443,26
DA:449,1
DA:450,1
DA:452,1
DA:453,0
DA:455,1
DA:458,1
LF:132
LH:81
BRDA:154,0,0,9
BRDA:154,0,1,2
BRDA:157,1,0,8
BRDA:157,1,1,1
BRDA:163,2,0,26
BRDA:163,2,1,52
BRDA:173,3,0,44
BRDA:173,3,1,2
BRDA:182,4,0,51
BRDA:182,4,1,0
BRDA:187,5,0,0
BRDA:187,5,1,36
BRDA:197,6,0,0
BRDA:197,6,1,50
BRDA:201,7,0,0
BRDA:201,7,1,19
BRDA:211,8,0,1
BRDA:211,8,1,0
BRDA:214,9,0,0
BRDA:214,9,1,1
BRDA:215,10,0,0
BRDA:215,10,1,0
BRDA:225,11,0,0
BRDA:225,11,1,1
BRDA:228,12,0,0
BRDA:228,12,1,1
BRDA:231,13,0,0
BRDA:231,13,1,1
BRDA:242,14,0,3
BRDA:242,14,1,0
BRDA:243,15,0,0
BRDA:243,15,1,3
BRDA:250,16,0,2
BRDA:250,16,1,0
BRDA:251,17,0,1
BRDA:251,17,1,1
BRDA:259,18,0,6
BRDA:259,18,1,12
BRDA:261,19,0,3
BRDA:261,19,1,3
BRDA:262,20,0,0
BRDA:262,20,1,3
BRDA:278,21,0,0
BRDA:278,21,1,0
BRDA:280,22,0,0
BRDA:280,22,1,0
BRDA:280,23,0,0
BRDA:280,23,1,0
BRDA:284,24,0,0
BRDA:284,24,1,0
BRDA:290,25,0,0
BRDA:290,25,1,0
BRDA:292,26,0,0
BRDA:292,26,1,0
BRDA:301,27,0,0
BRDA:301,27,1,0
BRDA:322,28,0,0
BRDA:322,28,1,0
BRDA:327,29,0,0
BRDA:327,29,1,0
BRDA:328,30,0,0
BRDA:328,30,1,0
BRDA:335,31,0,0
BRDA:335,31,1,0
BRDA:339,32,0,0
BRDA:339,32,1,0
BRDA:340,33,0,0
BRDA:340,33,1,0
BRDA:348,34,0,0
BRDA:348,34,1,0
BRDA:352,35,0,0
BRDA:352,35,1,0
BRDA:355,36,0,0
BRDA:355,36,1,0
BRDA:365,37,0,26
BRDA:365,37,1,0
BRDA:365,37,2,0
BRDA:369,38,0,26
BRDA:369,38,1,0
BRDA:382,39,0,26
BRDA:382,39,1,0
BRDA:389,40,0,1
BRDA:389,40,1,0
BRDA:398,41,0,25
BRDA:398,41,1,3
BRDA:418,42,0,27
BRDA:418,42,1,1
BRDA:418,43,0,28
BRDA:418,43,1,2
BRDA:419,44,0,3
BRDA:419,44,1,24
BRDA:431,45,0,26
BRDA:431,45,1,0
BRDA:436,46,0,0
BRDA:436,46,1,26
BRDA:449,47,0,1
BRDA:449,47,1,0
BRDA:452,48,0,0
BRDA:452,48,1,1
BRF:99
BRH:43
end_of_record
TN:
SF:/Users/vladimirbujanovic/Projects/vue-carousel-3d/vue-carousel-3d/src/carousel-3d/Controls.vue
FN:51,(anonymous_1)
FNF:1
FNH:1
FNDA:5,(anonymous_1)
DA:52,5
LF:1
LH:1
BRF:0
BRH:0
end_of_record
TN:
SF:/Users/vladimirbujanovic/Projects/vue-carousel-3d/vue-carousel-3d/src/carousel-3d/Slide.vue
FN:15,(anonymous_1)
FN:23,(anonymous_2)
FN:26,(anonymous_3)
FN:31,(anonymous_4)
FN:36,(anonymous_5)
FN:66,(anonymous_6)
FN:75,(anonymous_7)
FN:78,(anonymous_8)
FN:86,(anonymous_9)
FN:89,(anonymous_10)
FN:108,(anonymous_11)
FNF:11
FNH:10
FNDA:68,(anonymous_1)
FNDA:92,(anonymous_2)
FNDA:154,(anonymous_3)
FNDA:152,(anonymous_4)
FNDA:153,(anonymous_5)
FNDA:154,(anonymous_6)
FNDA:306,(anonymous_7)
FNDA:201,(anonymous_8)
FNDA:215,(anonymous_9)
FNDA:5,(anonymous_10)
FNDA:0,(anonymous_11)
DA:16,68
DA:24,92
DA:27,154
DA:29,154
DA:32,152
DA:34,152
DA:37,153
DA:39,153
DA:40,152
DA:41,152
DA:42,152
DA:43,4
DA:44,4
DA:45,4
DA:48,152
DA:49,7
DA:50,0
DA:51,7
DA:52,0
DA:57,153
DA:67,154
DA:76,306
DA:78,306
DA:79,201
DA:80,4
DA:84,306
DA:87,215
DA:90,5
DA:91,5
DA:92,5
DA:95,5
DA:100,5
DA:102,5
DA:109,0
DA:110,0
DA:111,0
DA:114,0
DA:115,0
LF:38
LH:31
BRDA:27,0,0,154
BRDA:27,0,1,154
BRDA:32,1,0,152
BRDA:32,1,1,152
BRDA:39,2,0,152
BRDA:39,2,1,1
BRDA:42,3,0,4
BRDA:42,3,1,148
BRDA:42,4,0,152
BRDA:42,4,1,150
BRDA:43,5,0,2
BRDA:43,5,1,2
BRDA:48,6,0,7
BRDA:48,6,1,145
BRDA:49,7,0,0
BRDA:49,7,1,7
BRDA:51,8,0,0
BRDA:51,8,1,7
BRDA:79,9,0,4
BRDA:79,9,1,197
BRDA:87,10,0,105
BRDA:87,10,1,110
BRDA:90,11,0,5
BRDA:90,11,1,0
BRDA:91,12,0,5
BRDA:91,12,1,0
BRDA:92,13,0,5
BRDA:92,13,1,0
BRDA:95,14,0,3
BRDA:95,14,1,2
BRDA:100,15,0,5
BRDA:100,15,1,0
BRDA:109,16,0,0
BRDA:109,16,1,0
BRDA:110,17,0,0
BRDA:110,17,1,0
BRF:36
BRH:26
end_of_record
TN:
SF:/Users/vladimirbujanovic/Projects/vue-carousel-3d/vue-carousel-3d/src/carousel-3d/mixins/autoplay.js
FN:25,(anonymous_0)
FN:30,(anonymous_1)
FN:39,(anonymous_2)
FN:44,(anonymous_3)
FN:46,(anonymous_4)
FN:52,(anonymous_5)
FNF:6
FNH:5
FNDA:26,(anonymous_0)
FNDA:1,(anonymous_1)
FNDA:1,(anonymous_2)
FNDA:26,(anonymous_3)
FNDA:0,(anonymous_4)
FNDA:26,(anonymous_5)
DA:1,3
DA:26,26
DA:31,1
DA:32,1
DA:34,1
DA:35,1
DA:40,1
DA:41,0
DA:45,26
DA:46,0
DA:47,0
DA:53,26
DA:54,26
DA:55,26
DA:57,26
LF:15
LH:12
BRDA:31,0,0,1
BRDA:31,0,1,0
BRDA:40,1,0,0
BRDA:40,1,1,1
BRDA:45,2,0,0
BRDA:45,2,1,26
BRDA:47,3,0,0
BRDA:47,3,1,0
BRDA:53,4,0,26
BRDA:53,4,1,0
BRDA:53,5,0,26
BRDA:53,5,1,26
BRF:12
BRH:6
end_of_record
TN:
SF:/Users/vladimirbujanovic/Projects/vue-carousel-3d/vue-carousel-3d/tests/unit/utils.js
FN:7,html2pug
FN:8,(anonymous_1)
FN:9,(anonymous_2)
FN:20,nextTick
FN:21,(anonymous_4)
FN:22,(anonymous_5)
FN:27,expectToMatchSnapshot
FN:28,(anonymous_7)
FN:29,(anonymous_8)
FN:29,(anonymous_9)
FN:32,(anonymous_10)
FNF:11
FNH:10
FNDA:26,html2pug
FNDA:26,(anonymous_1)
FNDA:26,(anonymous_2)
FNDA:26,nextTick
FNDA:26,(anonymous_4)
FNDA:26,(anonymous_5)
FNDA:26,expectToMatchSnapshot
FNDA:26,(anonymous_7)
FNDA:26,(anonymous_8)
FNDA:26,(anonymous_9)
FNDA:0,(anonymous_10)
DA:3,3
DA:4,3
DA:8,26
DA:9,26
DA:10,26
DA:11,0
DA:13,26
DA:21,26
DA:22,26
DA:28,26
DA:29,26
DA:30,26
DA:31,26
DA:32,0
DA:36,3
LF:15
LH:13
BRDA:10,0,0,0
BRDA:10,0,1,26
BRDA:29,1,0,26
BRDA:29,1,1,26
BRF:4
BRH:3
end_of_record
